[     156ms] [ERROR] Failed to load resource: the server responded with a status of 400 () @ https://cf.geekdo-images.com/sZYp_3BTDGjh2unaZfZmuA__itemrep/img/0q03F2CLHYG4GPl03SuqnR8NJSs=/fit-in/246x300/filters:strip_icc()/pic2437871.jpg:0
[     156ms] [ERROR] Failed to load resource: the server responded with a status of 400 () @ https://cf.geekdo-images.com/F_KDEu0GjdClml8N7c8Imw__itemrep/img/VGFSxmOQWAHVXCbTFabGNb3LxQU=/fit-in/246x300/filters:strip_icc()/pic2582929.jpg:0
[     156ms] [ERROR] Failed to load resource: the server responded with a status of 400 () @ https://cf.geekdo-images.com/RvFVTEpnbb4NM7k0IF8V7A__itemrep/img/eF22q8bJYj_OmPUSLVk8tlSLMfI=/fit-in/246x300/filters:strip_icc()/pic860217.jpg:0
[     157ms] [ERROR] Failed to load resource: the server responded with a status of 400 () @ https://cf.geekdo-images.com/dDDo2Se8vcDdRBLmOEUx-A__itemrep/img/FNFjOeaEJtfJDmS0fGPFJGJt7Ck=/fit-in/246x300/filters:strip_icc()/pic831744.jpg:0
[     158ms] [ERROR] Failed to load resource: the server responded with a status of 400 () @ https://cf.geekdo-images.com/yLZJCVLlIx4c7eJEWUNJ7w__itemrep/img/tONXRUeMhXtKnJqLx73pkN5KBzA=/fit-in/246x300/filters:strip_icc()/pic4458123.jpg:0
[     159ms] [ERROR] Failed to load resource: the server responded with a status of 400 () @ https://cf.geekdo-images.com/S3ybV1LAp-8ER29qLBSCBw__itemrep/img/e0OOQE_NxqD0SHlx4GolGYNg_nQ=/fit-in/246x300/filters:strip_icc()/pic1534148.jpg:0
[     160ms] [ERROR] Failed to load resource: the server responded with a status of 400 () @ https://cf.geekdo-images.com/wg9oOLcsKvdesSUdZQ4rxw__itemrep/img/oNPPEZ9OSiEMxAlKUCgkQsZ-o5k=/fit-in/246x300/filters:strip_icc()/pic3536616.jpg:0
[     161ms] [ERROR] Failed to load resource: the server responded with a status of 400 () @ https://cf.geekdo-images.com/aPSHiTBC_4oFAHMQSb5JEg__itemrep/img/1AGTM3BO7AHVkAEh_sYWxZxfW7o=/fit-in/246x300/filters:strip_icc()/pic3718275.jpg:0
[     161ms] [ERROR] Failed to load resource: the server responded with a status of 400 () @ https://cf.geekdo-images.com/QfxmAErYAngPK7AHqHEqMg__itemrep/img/1JM0ItKn7F3JStPKmq1MhK3aTrg=/fit-in/246x300/filters:strip_icc()/pic394356.jpg:0
[     161ms] [ERROR] Failed to load resource: the server responded with a status of 400 () @ https://cf.geekdo-images.com/ZWJg0dCdrWHxVnc0eFXK8w__itemrep/img/u3S9TgEIBhHNZGiYlLTRUl1hNvQ=/fit-in/246x300/filters:strip_icc()/pic38668.jpg:0
[     164ms] [ERROR] Failed to load resource: the server responded with a status of 400 () @ https://cf.geekdo-images.com/okrecovBe-pRk4UkLiMuiHw__itemrep/img/j4JHhQakpzVH9rFmxz1bxFJwOUI=/fit-in/246x300/filters:strip_icc()/pic6544250.jpg:0
[     170ms] [ERROR] Failed to load resource: the server responded with a status of 400 () @ https://cf.geekdo-images.com/W3Bsga_uLP9kO91gZ7H8yw__itemrep/img/IjP4Jvq0Uf9y1oT4AYsz5l4cPes=/fit-in/246x300/filters:strip_icc()/pic2419375.jpg:0
[   29578ms] [ERROR] Failed to load resource: the server responded with a status of 400 () @ https://cf.geekdo-images.com/S3ybV1LAp-8ER29qLBSCBw__itemrep/img/e0OOQE_NxqD0SHlx4GolGYNg_nQ=/fit-in/246x300/filters:strip_icc()/pic1534148.jpg:0
[   29581ms] [ERROR] Failed to load resource: the server responded with a status of 400 () @ https://cf.geekdo-images.com/sZYp_3BTDGjh2unaZfZmuA__itemrep/img/0q03F2CLHYG4GPl03SuqnR8NJSs=/fit-in/246x300/filters:strip_icc()/pic2437871.jpg:0
[   29584ms] [ERROR] Failed to load resource: the server responded with a status of 400 () @ https://cf.geekdo-images.com/W3Bsga_uLP9kO91gZ7H8yw__itemrep/img/IjP4Jvq0Uf9y1oT4AYsz5l4cPes=/fit-in/246x300/filters:strip_icc()/pic2419375.jpg:0
[   29584ms] [ERROR] Failed to load resource: the server responded with a status of 400 () @ https://cf.geekdo-images.com/wg9oOLcsKvdesSUdZQ4rxw__itemrep/img/oNPPEZ9OSiEMxAlKUCgkQsZ-o5k=/fit-in/246x300/filters:strip_icc()/pic3536616.jpg:0
[   29585ms] [ERROR] Failed to load resource: the server responded with a status of 400 () @ https://cf.geekdo-images.com/dDDo2Se8vcDdRBLmOEUx-A__itemrep/img/FNFjOeaEJtfJDmS0fGPFJGJt7Ck=/fit-in/246x300/filters:strip_icc()/pic831744.jpg:0
[   29585ms] [ERROR] Failed to load resource: the server responded with a status of 400 () @ https://cf.geekdo-images.com/okrecovBe-pRk4UkLiMuiHw__itemrep/img/j4JHhQakpzVH9rFmxz1bxFJwOUI=/fit-in/246x300/filters:strip_icc()/pic6544250.jpg:0
[   29586ms] [ERROR] Failed to load resource: the server responded with a status of 400 () @ https://cf.geekdo-images.com/aPSHiTBC_4oFAHMQSb5JEg__itemrep/img/1AGTM3BO7AHVkAEh_sYWxZxfW7o=/fit-in/246x300/filters:strip_icc()/pic3718275.jpg:0
[   29586ms] [ERROR] Failed to load resource: the server responded with a status of 400 () @ https://cf.geekdo-images.com/RvFVTEpnbb4NM7k0IF8V7A__itemrep/img/eF22q8bJYj_OmPUSLVk8tlSLMfI=/fit-in/246x300/filters:strip_icc()/pic860217.jpg:0
[   29613ms] [ERROR] Failed to load resource: the server responded with a status of 400 () @ https://cf.geekdo-images.com/ZWJg0dCdrWHxVnc0eFXK8w__itemrep/img/u3S9TgEIBhHNZGiYlLTRUl1hNvQ=/fit-in/246x300/filters:strip_icc()/pic38668.jpg:0
[   29687ms] [ERROR] Failed to load resource: the server responded with a status of 400 () @ https://cf.geekdo-images.com/QfxmAErYAngPK7AHqHEqMg__itemrep/img/1JM0ItKn7F3JStPKmq1MhK3aTrg=/fit-in/246x300/filters:strip_icc()/pic394356.jpg:0
[   29868ms] [ERROR] Failed to load resource: the server responded with a status of 400 () @ https://cf.geekdo-images.com/yLZJCVLlIx4c7eJEWUNJ7w__itemrep/img/tONXRUeMhXtKnJqLx73pkN5KBzA=/fit-in/246x300/filters:strip_icc()/pic4458123.jpg:0
[   34110ms] [ERROR] Failed to load resource: the server responded with a status of 400 () @ https://cf.geekdo-images.com/okrecovBe-pRk4UkLiMuiHw__itemrep/img/j4JHhQakpzVH9rFmxz1bxFJwOUI=/fit-in/246x300/filters:strip_icc()/pic6544250.jpg:0
[   34110ms] [ERROR] Failed to load resource: the server responded with a status of 400 () @ https://cf.geekdo-images.com/S3ybV1LAp-8ER29qLBSCBw__itemrep/img/e0OOQE_NxqD0SHlx4GolGYNg_nQ=/fit-in/246x300/filters:strip_icc()/pic1534148.jpg:0
[   34110ms] [ERROR] Failed to load resource: the server responded with a status of 400 () @ https://cf.geekdo-images.com/yLZJCVLlIx4c7eJEWUNJ7w__itemrep/img/tONXRUeMhXtKnJqLx73pkN5KBzA=/fit-in/246x300/filters:strip_icc()/pic4458123.jpg:0
[   34112ms] [ERROR] Failed to load resource: the server responded with a status of 400 () @ https://cf.geekdo-images.com/F_KDEu0GjdClml8N7c8Imw__itemrep/img/VGFSxmOQWAHVXCbTFabGNb3LxQU=/fit-in/246x300/filters:strip_icc()/pic2582929.jpg:0
[   34112ms] [ERROR] Failed to load resource: the server responded with a status of 400 () @ https://cf.geekdo-images.com/RvFVTEpnbb4NM7k0IF8V7A__itemrep/img/eF22q8bJYj_OmPUSLVk8tlSLMfI=/fit-in/246x300/filters:strip_icc()/pic860217.jpg:0
[   34114ms] [ERROR] Failed to load resource: the server responded with a status of 400 () @ https://cf.geekdo-images.com/wg9oOLcsKvdesSUdZQ4rxw__itemrep/img/oNPPEZ9OSiEMxAlKUCgkQsZ-o5k=/fit-in/246x300/filters:strip_icc()/pic3536616.jpg:0
[   34117ms] [ERROR] Failed to load resource: the server responded with a status of 400 () @ https://cf.geekdo-images.com/QfxmAErYAngPK7AHqHEqMg__itemrep/img/1JM0ItKn7F3JStPKmq1MhK3aTrg=/fit-in/246x300/filters:strip_icc()/pic394356.jpg:0
[   34118ms] [ERROR] Failed to load resource: the server responded with a status of 400 () @ https://cf.geekdo-images.com/sZYp_3BTDGjh2unaZfZmuA__itemrep/img/0q03F2CLHYG4GPl03SuqnR8NJSs=/fit-in/246x300/filters:strip_icc()/pic2437871.jpg:0
[   34118ms] [ERROR] Failed to load resource: the server responded with a status of 400 () @ https://cf.geekdo-images.com/W3Bsga_uLP9kO91gZ7H8yw__itemrep/img/IjP4Jvq0Uf9y1oT4AYsz5l4cPes=/fit-in/246x300/filters:strip_icc()/pic2419375.jpg:0
[   34119ms] [ERROR] Failed to load resource: the server responded with a status of 400 () @ https://cf.geekdo-images.com/dDDo2Se8vcDdRBLmOEUx-A__itemrep/img/FNFjOeaEJtfJDmS0fGPFJGJt7Ck=/fit-in/246x300/filters:strip_icc()/pic831744.jpg:0
[   34120ms] [ERROR] Failed to load resource: the server responded with a status of 400 () @ https://cf.geekdo-images.com/aPSHiTBC_4oFAHMQSb5JEg__itemrep/img/1AGTM3BO7AHVkAEh_sYWxZxfW7o=/fit-in/246x300/filters:strip_icc()/pic3718275.jpg:0
[   34130ms] [ERROR] Failed to load resource: the server responded with a status of 400 () @ https://cf.geekdo-images.com/ZWJg0dCdrWHxVnc0eFXK8w__itemrep/img/u3S9TgEIBhHNZGiYlLTRUl1hNvQ=/fit-in/246x300/filters:strip_icc()/pic38668.jpg:0
[  102901ms] [LOG] [vite] server connection lost. Polling for restart... @ http://localhost:5173/@vite/client:968
