[     115ms] [INFO] %cDownload the React DevTools for a better development experience: https://react.dev/link/react-devtools font-weight:bold @ http://localhost:5173/node_modules/.vite/deps/react-dom_client.js?v=82d43cf1:14336
[     519ms] [ERROR] Failed to load resource: the server responded with a status of 400 () @ https://cf.geekdo-images.com/ZWJg0dCdrWHxVnc0eFXK8w__itemrep/img/u3S9TgEIBhHNZGiYlLTRUl1hNvQ=/fit-in/246x300/filters:strip_icc()/pic38668.jpg:0
[     522ms] [ERROR] Failed to load resource: the server responded with a status of 400 () @ https://cf.geekdo-images.com/S3ybV1LAp-8ER29qLBSCBw__itemrep/img/e0OOQE_NxqD0SHlx4GolGYNg_nQ=/fit-in/246x300/filters:strip_icc()/pic1534148.jpg:0
[     522ms] [ERROR] Failed to load resource: the server responded with a status of 400 () @ https://cf.geekdo-images.com/dDDo2Se8vcDdRBLmOEUx-A__itemrep/img/FNFjOeaEJtfJDmS0fGPFJGJt7Ck=/fit-in/246x300/filters:strip_icc()/pic831744.jpg:0
[     525ms] [ERROR] Failed to load resource: the server responded with a status of 400 () @ https://cf.geekdo-images.com/RvFVTEpnbb4NM7k0IF8V7A__itemrep/img/eF22q8bJYj_OmPUSLVk8tlSLMfI=/fit-in/246x300/filters:strip_icc()/pic860217.jpg:0
[     525ms] [ERROR] Failed to load resource: the server responded with a status of 400 () @ https://cf.geekdo-images.com/okrecovBe-pRk4UkLiMuiHw__itemrep/img/j4JHhQakpzVH9rFmxz1bxFJwOUI=/fit-in/246x300/filters:strip_icc()/pic6544250.jpg:0
[     540ms] [ERROR] Failed to load resource: the server responded with a status of 400 () @ https://cf.geekdo-images.com/W3Bsga_uLP9kO91gZ7H8yw__itemrep/img/IjP4Jvq0Uf9y1oT4AYsz5l4cPes=/fit-in/246x300/filters:strip_icc()/pic2419375.jpg:0
[     648ms] [ERROR] Failed to load resource: the server responded with a status of 400 () @ https://cf.geekdo-images.com/yLZJCVLlIx4c7eJEWUNJ7w__itemrep/img/tONXRUeMhXtKnJqLx73pkN5KBzA=/fit-in/246x300/filters:strip_icc()/pic4458123.jpg:0
[     652ms] [ERROR] Failed to load resource: the server responded with a status of 400 () @ https://cf.geekdo-images.com/aPSHiTBC_4oFAHMQSb5JEg__itemrep/img/1AGTM3BO7AHVkAEh_sYWxZxfW7o=/fit-in/246x300/filters:strip_icc()/pic3718275.jpg:0
[     653ms] [ERROR] Failed to load resource: the server responded with a status of 400 () @ https://cf.geekdo-images.com/wg9oOLcsKvdesSUdZQ4rxw__itemrep/img/oNPPEZ9OSiEMxAlKUCgkQsZ-o5k=/fit-in/246x300/filters:strip_icc()/pic3536616.jpg:0
[     721ms] [ERROR] Failed to load resource: the server responded with a status of 400 () @ https://cf.geekdo-images.com/QfxmAErYAngPK7AHqHEqMg__itemrep/img/1JM0ItKn7F3JStPKmq1MhK3aTrg=/fit-in/246x300/filters:strip_icc()/pic394356.jpg:0
[     721ms] [ERROR] Failed to load resource: the server responded with a status of 400 () @ https://cf.geekdo-images.com/sZYp_3BTDGjh2unaZfZmuA__itemrep/img/0q03F2CLHYG4GPl03SuqnR8NJSs=/fit-in/246x300/filters:strip_icc()/pic2437871.jpg:0
[     721ms] [ERROR] Failed to load resource: the server responded with a status of 400 () @ https://cf.geekdo-images.com/F_KDEu0GjdClml8N7c8Imw__itemrep/img/VGFSxmOQWAHVXCbTFabGNb3LxQU=/fit-in/246x300/filters:strip_icc()/pic2582929.jpg:0
[   33424ms] [ERROR] Failed to load resource: the server responded with a status of 400 () @ https://cf.geekdo-images.com/W3Bsga_uLP9kO91gZ7H8yw__original/img/IjP4Jvq0Uf9y1oT4AYsz5l4cPes=/pic2419375.jpg:0
[   36829ms] [ERROR] Failed to load resource: the server responded with a status of 400 () @ https://cf.geekdo-images.com/wg9oOLcsKvdesSUdZQ4rxw__itemrep/img/oNPPEZ9OSiEMxAlKUCgkQsZ-o5k=/fit-in/246x300/filters:strip_icc()/pic3536616.jpg:0
[   36831ms] [ERROR] Failed to load resource: the server responded with a status of 400 () @ https://cf.geekdo-images.com/W3Bsga_uLP9kO91gZ7H8yw__itemrep/img/IjP4Jvq0Uf9y1oT4AYsz5l4cPes=/fit-in/246x300/filters:strip_icc()/pic2419375.jpg:0
[   36833ms] [ERROR] Failed to load resource: the server responded with a status of 400 () @ https://cf.geekdo-images.com/S3ybV1LAp-8ER29qLBSCBw__itemrep/img/e0OOQE_NxqD0SHlx4GolGYNg_nQ=/fit-in/246x300/filters:strip_icc()/pic1534148.jpg:0
[   36833ms] [ERROR] Failed to load resource: the server responded with a status of 400 () @ https://cf.geekdo-images.com/sZYp_3BTDGjh2unaZfZmuA__itemrep/img/0q03F2CLHYG4GPl03SuqnR8NJSs=/fit-in/246x300/filters:strip_icc()/pic2437871.jpg:0
[   36834ms] [ERROR] Failed to load resource: the server responded with a status of 400 () @ https://cf.geekdo-images.com/aPSHiTBC_4oFAHMQSb5JEg__itemrep/img/1AGTM3BO7AHVkAEh_sYWxZxfW7o=/fit-in/246x300/filters:strip_icc()/pic3718275.jpg:0
[   36834ms] [ERROR] Failed to load resource: the server responded with a status of 400 () @ https://cf.geekdo-images.com/dDDo2Se8vcDdRBLmOEUx-A__itemrep/img/FNFjOeaEJtfJDmS0fGPFJGJt7Ck=/fit-in/246x300/filters:strip_icc()/pic831744.jpg:0
[   36836ms] [ERROR] Failed to load resource: the server responded with a status of 400 () @ https://cf.geekdo-images.com/ZWJg0dCdrWHxVnc0eFXK8w__itemrep/img/u3S9TgEIBhHNZGiYlLTRUl1hNvQ=/fit-in/246x300/filters:strip_icc()/pic38668.jpg:0
[   36836ms] [ERROR] Failed to load resource: the server responded with a status of 400 () @ https://cf.geekdo-images.com/F_KDEu0GjdClml8N7c8Imw__itemrep/img/VGFSxmOQWAHVXCbTFabGNb3LxQU=/fit-in/246x300/filters:strip_icc()/pic2582929.jpg:0
[   36840ms] [ERROR] Failed to load resource: the server responded with a status of 400 () @ https://cf.geekdo-images.com/okrecovBe-pRk4UkLiMuiHw__itemrep/img/j4JHhQakpzVH9rFmxz1bxFJwOUI=/fit-in/246x300/filters:strip_icc()/pic6544250.jpg:0
[   36852ms] [ERROR] Failed to load resource: the server responded with a status of 400 () @ https://cf.geekdo-images.com/QfxmAErYAngPK7AHqHEqMg__itemrep/img/1JM0ItKn7F3JStPKmq1MhK3aTrg=/fit-in/246x300/filters:strip_icc()/pic394356.jpg:0
[   36856ms] [ERROR] Failed to load resource: the server responded with a status of 400 () @ https://cf.geekdo-images.com/yLZJCVLlIx4c7eJEWUNJ7w__itemrep/img/tONXRUeMhXtKnJqLx73pkN5KBzA=/fit-in/246x300/filters:strip_icc()/pic4458123.jpg:0
[   36936ms] [ERROR] Failed to load resource: the server responded with a status of 400 () @ https://cf.geekdo-images.com/RvFVTEpnbb4NM7k0IF8V7A__itemrep/img/eF22q8bJYj_OmPUSLVk8tlSLMfI=/fit-in/246x300/filters:strip_icc()/pic860217.jpg:0
